openssl req -x509 -newkey rsa:4096 -keyout key.pem -out cert.pem -sha256 -days 365 -nodes
Generating a RSA private key
............................................++++
................................................................................................................................................................................................................++++
writing new private key to 'key.pem'
-----
You are about to be asked to enter information that will be incorporated
into your certificate request.
What you are about to enter is what is called a Distinguished Name or a DN.
There are quite a few fields but you can leave some blank
For some fields there will be a default value,
If you enter '.', the field will be left blank.
-----
Country Name (2 letter code) [AU]:BE
State or Province Name (full name) [Some-State]:Limburg
Locality Name (eg, city) []:Hasselt
Organization Name (eg, company) [Internet Widgits Pty Ltd]:sgvd
Organizational Unit Name (eg, section) []:activity-db
Common Name (e.g. server FQDN or YOUR name) []:activity-db
Email Address []:lowie.deferme@student.uhasselt.be